<?xml version="1.0" encoding="UTF-8"?>
<!-- Generated by org.testng.reporters.JUnitReportReporter -->
<testsuite skipped="0" hostname="DESKTOP-LP3SET9" name="LIMS.ims.pratice.TestNGPractice2" tests="1" failures="0" timestamp="2023-02-27T15:57:49 IST" time="0.029" errors="0">
  <testcase name="test2" time="0.029" classname="LIMS.ims.pratice.TestNGPractice2"/>
  <system-out/>
</testsuite> <!-- LIMS.ims.pratice.TestNGPractice2 -->
