<?xml version="1.0" encoding="UTF-8"?>
<!-- Generated by org.testng.reporters.JUnitReportReporter -->
<testsuite skipped="0" hostname="DESKTOP-LP3SET9" name="Org_InsuranceDomain_Clients.AllTestScripts" tests="3" failures="0" timestamp="2023-02-24T10:38:06 IST" time="19.455" errors="0">
  <testcase name="addPaymentTest" time="4.633" classname="Org_InsuranceDomain_Clients.AllTestScripts"/>
  <system-out/>
  <testcase name="cheackClientStatusTest" time="6.093" classname="Org_InsuranceDomain_Clients.AllTestScripts"/>
  <system-out/>
  <testcase name="addClientTest" time="8.729" classname="Org_InsuranceDomain_Clients.AllTestScripts"/>
  <system-out/>
</testsuite> <!-- Org_InsuranceDomain_Clients.AllTestScripts -->
