<?xml version="1.0" encoding="UTF-8"?>
<!-- Generated by org.testng.reporters.JUnitReportReporter -->
<testsuite skipped="0" hostname="DESKTOP-LP3SET9" name="LIMS.ims.pratice.listener.AddClientTest" tests="1" failures="0" timestamp="2023-03-01T17:35:40 IST" time="7.573" errors="0">
  <testcase name="addClientTest" time="7.573" classname="LIMS.ims.pratice.listener.AddClientTest"/>
  <system-out/>
</testsuite> <!-- LIMS.ims.pratice.listener.AddClientTest -->
