<?xml version="1.0" encoding="UTF-8"?>
<!-- Generated by org.testng.reporters.JUnitReportReporter -->
<testsuite skipped="0" hostname="DESKTOP-LP3SET9" name="Org_InsuranceDomain_Clients.AddNomineeTest" tests="1" failures="0" timestamp="2023-03-03T10:34:50 IST" time="15.254" errors="0">
  <testcase name="addNomineeTest" time="15.254" classname="Org_InsuranceDomain_Clients.AddNomineeTest"/>
  <system-out/>
</testsuite> <!-- Org_InsuranceDomain_Clients.AddNomineeTest -->
