<?xml version="1.0" encoding="UTF-8"?>
<!-- Generated by org.testng.reporters.JUnitReportReporter -->
<testsuite skipped="0" hostname="DESKTOP-LP3SET9" name="Org_InsuranceDomain_Clients.UpdateClientTest" tests="2" failures="0" timestamp="2023-03-02T17:02:11 IST" time="65.850" errors="0">
  <testcase name="updateClientTest" time="33.121" classname="Org_InsuranceDomain_Clients.UpdateClientTest"/>
  <system-out/>
  <testcase name="updateClientTest" time="32.729" classname="Org_InsuranceDomain_Clients.UpdateClientTest"/>
  <system-out/>
</testsuite> <!-- Org_InsuranceDomain_Clients.UpdateClientTest -->
