<?xml version="1.0" encoding="UTF-8"?>
<!-- Generated by org.testng.reporters.JUnitReportReporter -->
<testsuite skipped="1" hostname="DESKTOP-LP3SET9" name="LIMS.ims.pratice.DataProviderPractice" tests="1" failures="0" timestamp="2023-02-24T15:09:57 IST" time="0.000" errors="0">
  <testcase name="test" time="0.000" classname="LIMS.ims.pratice.DataProviderPractice">
    <skipped/>
  </testcase> <!-- test -->
  <system-out/>
</testsuite> <!-- LIMS.ims.pratice.DataProviderPractice -->
